TN:
SF:app/page.tsx
FN:13,HomePage
FN:23,(anonymous_1)
FN:27,(anonymous_2)
FN:29,(anonymous_3)
FN:42,(anonymous_4)
FN:62,(anonymous_5)
FN:67,(anonymous_6)
FN:84,(anonymous_7)
FN:98,(anonymous_8)
FNF:9
FNH:0
FNDA:0,HomePage
FNDA:0,(anonymous_1)
FNDA:0,(anonymous_2)
FNDA:0,(anonymous_3)
FNDA:0,(anonymous_4)
FNDA:0,(anonymous_5)
FNDA:0,(anonymous_6)
FNDA:0,(anonymous_7)
FNDA:0,(anonymous_8)
DA:14,0
DA:15,0
DA:16,0
DA:17,0
DA:18,0
DA:19,0
DA:20,0
DA:23,0
DA:24,0
DA:27,0
DA:28,0
DA:29,0
DA:31,0
DA:35,0
DA:36,0
DA:37,0
DA:41,0
DA:42,0
DA:46,0
DA:62,0
DA:67,0
DA:85,0
DA:86,0
DA:99,0
LF:24
LH:0
BRDA:31,0,0,0
BRDA:31,0,1,0
BRDA:31,0,2,0
BRDA:31,0,3,0
BRDA:35,1,0,0
BRDA:35,1,1,0
BRDA:37,2,0,0
BRDA:37,2,1,0
BRDA:37,2,2,0
BRDA:91,3,0,0
BRDA:91,3,1,0
BRF:11
BRH:0
end_of_record
TN:
SF:app/new/page.tsx
FN:5,NewPostPage
FNF:1
FNH:0
FNDA:0,NewPostPage
DA:6,0
LF:1
LH:0
BRF:0
BRH:0
end_of_record
TN:
SF:app/post/[id]/page.tsx
FN:7,PostPage
FN:12,(anonymous_1)
FN:16,(anonymous_2)
FN:29,(anonymous_3)
FNF:4
FNH:0
FNDA:0,PostPage
FNDA:0,(anonymous_1)
FNDA:0,(anonymous_2)
FNDA:0,(anonymous_3)
DA:8,0
DA:9,0
DA:10,0
DA:12,0
DA:13,0
DA:14,0
DA:15,0
DA:16,0
DA:18,0
DA:22,0
DA:23,0
DA:29,0
DA:37,0
LF:13
LH:0
BRDA:15,0,0,0
BRDA:15,0,1,0
BRDA:16,1,0,0
BRDA:16,1,1,0
BRDA:22,2,0,0
BRDA:22,2,1,0
BRF:6
BRH:0
end_of_record
TN:
SF:components/Wizard.tsx
FN:41,Wizard
FN:50,(anonymous_1)
FN:64,(anonymous_2)
FN:72,(anonymous_3)
FN:73,(anonymous_4)
FN:75,(anonymous_5)
FN:89,(anonymous_6)
FN:95,(anonymous_7)
FN:97,(anonymous_8)
FN:100,(anonymous_9)
FN:100,(anonymous_10)
FN:102,(anonymous_11)
FN:128,(anonymous_12)
FNF:13
FNH:0
FNDA:0,Wizard
FNDA:0,(anonymous_1)
FNDA:0,(anonymous_2)
FNDA:0,(anonymous_3)
FNDA:0,(anonymous_4)
FNDA:0,(anonymous_5)
FNDA:0,(anonymous_6)
FNDA:0,(anonymous_7)
FNDA:0,(anonymous_8)
FNDA:0,(anonymous_9)
FNDA:0,(anonymous_10)
FNDA:0,(anonymous_11)
FNDA:0,(anonymous_12)
DA:31,0
DA:39,0
DA:42,0
DA:43,0
DA:44,0
DA:45,0
DA:46,0
DA:47,0
DA:50,0
DA:51,0
DA:52,0
DA:53,0
DA:54,0
DA:55,0
DA:56,0
DA:59,0
DA:64,0
DA:65,0
DA:66,0
DA:68,0
DA:72,0
DA:73,0
DA:75,0
DA:76,0
DA:77,0
DA:78,0
DA:79,0
DA:80,0
DA:84,0
DA:85,0
DA:86,0
DA:88,0
DA:89,0
DA:90,0
DA:91,0
DA:95,0
DA:96,0
DA:97,0
DA:100,0
DA:102,0
DA:103,0
DA:106,0
DA:107,0
DA:108,0
DA:111,0
DA:112,0
DA:121,0
DA:122,0
DA:123,0
DA:124,0
DA:125,0
DA:128,0
DA:129,0
DA:130,0
DA:131,0
DA:134,0
LF:56
LH:0
BRDA:53,0,0,0
BRDA:53,0,1,0
BRDA:77,1,0,0
BRDA:77,1,1,0
BRDA:79,2,0,0
BRDA:79,2,1,0
BRDA:82,3,0,0
BRDA:82,3,1,0
BRDA:84,4,0,0
BRDA:84,4,1,0
BRDA:96,5,0,0
BRDA:96,5,1,0
BRDA:106,6,0,0
BRDA:106,6,1,0
BRDA:138,7,0,0
BRDA:138,7,1,0
BRDA:145,8,0,0
BRDA:145,8,1,0
BRDA:152,9,0,0
BRDA:152,9,1,0
BRDA:156,10,0,0
BRDA:156,10,1,0
BRDA:162,11,0,0
BRDA:162,11,1,0
BRDA:169,12,0,0
BRDA:169,12,1,0
BRDA:176,13,0,0
BRDA:176,13,1,0
BRF:28
BRH:0
end_of_record
TN:
SF:components/steps/Step1Meta.tsx
FN:24,Step1Meta
FN:31,(anonymous_1)
FN:40,(anonymous_2)
FNF:3
FNH:0
FNDA:0,Step1Meta
FNDA:0,(anonymous_1)
FNDA:0,(anonymous_2)
DA:6,0
DA:25,0
DA:31,0
DA:40,0
LF:4
LH:0
BRF:0
BRH:0
end_of_record
TN:
SF:components/steps/Step2Summary.tsx
FN:35,Step2Summary
FN:43,(anonymous_1)
FN:52,(anonymous_2)
FNF:3
FNH:0
FNDA:0,Step2Summary
FNDA:0,(anonymous_1)
FNDA:0,(anonymous_2)
DA:7,0
DA:36,0
DA:43,0
DA:52,0
LF:4
LH:0
BRF:0
BRH:0
end_of_record
TN:
SF:components/steps/Step3Content.tsx
FN:28,Step3Content
FN:30,(anonymous_1)
FN:48,(anonymous_2)
FNF:3
FNH:0
FNDA:0,Step3Content
FNDA:0,(anonymous_1)
FNDA:0,(anonymous_2)
DA:10,0
DA:17,0
DA:30,0
DA:31,0
DA:32,0
DA:33,0
DA:35,0
DA:39,0
DA:48,0
LF:9
LH:0
BRDA:32,0,0,0
BRDA:32,0,1,0
BRF:2
BRH:0
end_of_record
TN:
SF:components/steps/Step4Review.tsx
FN:4,Step4Review
FNF:1
FNH:0
FNDA:0,Step4Review
DA:5,0
LF:1
LH:0
BRF:0
BRH:0
end_of_record
TN:
SF:components/ui/Button.tsx
FN:8,Button
FNF:1
FNH:1
FNDA:9,Button
DA:15,9
DA:16,9
DA:21,9
LF:3
LH:3
BRDA:9,0,0,9
BRDA:10,1,0,9
BRF:2
BRH:2
end_of_record
TN:
SF:components/ui/DateRange.tsx
FN:11,DateRange
FN:17,(anonymous_1)
FN:19,(anonymous_2)
FNF:3
FNH:3
FNDA:5,DateRange
FNDA:2,(anonymous_1)
FNDA:1,(anonymous_2)
DA:17,5
DA:18,2
DA:19,5
DA:20,1
DA:22,5
LF:5
LH:5
BRDA:15,0,0,5
BRDA:18,1,0,2
BRDA:18,1,1,1
BRDA:20,2,0,1
BRDA:20,2,1,0
BRDA:33,3,0,5
BRDA:33,3,1,0
BRDA:45,4,0,5
BRDA:45,4,1,0
BRF:9
BRH:6
end_of_record
TN:
SF:components/ui/FieldError.tsx
FN:2,FieldError
FNF:1
FNH:1
FNDA:3,FieldError
DA:3,3
DA:4,2
LF:2
LH:2
BRDA:3,0,0,1
BRDA:3,0,1,2
BRF:2
BRH:2
end_of_record
TN:
SF:components/ui/Input.tsx
FN:4,Input
FNF:1
FNH:1
FNDA:3,Input
DA:5,3
LF:1
LH:1
BRDA:9,0,0,3
BRDA:9,0,1,3
BRF:2
BRH:2
end_of_record
TN:
SF:components/ui/Pagination.tsx
FN:5,range
FN:6,(anonymous_1)
FN:20,Pagination
FN:46,(anonymous_3)
FN:54,(anonymous_4)
FN:60,(anonymous_5)
FN:64,(anonymous_6)
FN:74,(anonymous_7)
FN:82,(anonymous_8)
FN:95,(anonymous_9)
FN:97,(anonymous_10)
FNF:11
FNH:8
FNDA:1,range
FNDA:3,(anonymous_1)
FNDA:1,Pagination
FNDA:1,(anonymous_3)
FNDA:1,(anonymous_4)
FNDA:3,(anonymous_5)
FNDA:0,(anonymous_6)
FNDA:1,(anonymous_7)
FNDA:1,(anonymous_8)
FNDA:0,(anonymous_9)
FNDA:0,(anonymous_10)
DA:6,3
DA:30,1
DA:31,1
DA:32,1
DA:33,1
DA:35,1
DA:46,1
DA:54,1
DA:61,3
DA:64,0
DA:74,1
DA:82,1
DA:95,0
DA:98,0
LF:14
LH:11
BRDA:27,0,0,1
BRDA:28,1,0,1
BRDA:59,2,0,1
BRDA:59,2,1,0
BRDA:63,3,0,1
BRDA:63,3,1,2
BRDA:70,4,0,1
BRDA:70,4,1,1
BRDA:89,5,0,1
BRDA:89,5,1,0
BRF:10
BRH:8
end_of_record
TN:
SF:components/ui/Select.tsx
FN:4,Select
FNF:1
FNH:0
FNDA:0,Select
DA:5,0
LF:1
LH:0
BRDA:9,0,0,0
BRDA:9,0,1,0
BRF:2
BRH:0
end_of_record
TN:
SF:components/ui/Stepper.tsx
FN:2,Stepper
FN:6,(anonymous_1)
FNF:2
FNH:0
FNDA:0,Stepper
FNDA:0,(anonymous_1)
DA:3,0
DA:4,0
DA:7,0
DA:8,0
LF:4
LH:0
BRDA:12,0,0,0
BRDA:12,0,1,0
BRF:2
BRH:0
end_of_record
TN:
SF:components/ui/Textarea.tsx
FN:4,Textarea
FNF:1
FNH:0
FNDA:0,Textarea
DA:7,0
LF:1
LH:0
BRDA:11,0,0,0
BRDA:11,0,1,0
BRF:2
BRH:0
end_of_record
TN:
SF:components/ui/ThemeToggle.tsx
FN:5,ThemeToggle
FNF:1
FNH:0
FNDA:0,ThemeToggle
DA:6,0
DA:7,0
LF:2
LH:0
BRDA:9,0,0,0
BRDA:9,0,1,0
BRF:2
BRH:0
end_of_record
TN:
SF:context/PostsContext.tsx
FN:23,reducer
FN:33,PostsProvider
FN:37,(anonymous_2)
FN:43,(anonymous_3)
FN:47,(anonymous_4)
FN:49,(anonymous_5)
FN:55,usePosts
FNF:7
FNH:0
FNDA:0,reducer
FNDA:0,PostsProvider
FNDA:0,(anonymous_2)
FNDA:0,(anonymous_3)
FNDA:0,(anonymous_4)
FNDA:0,(anonymous_5)
FNDA:0,usePosts
DA:18,0
DA:24,0
DA:26,0
DA:28,0
DA:30,0
DA:34,0
DA:37,0
DA:38,0
DA:39,0
DA:43,0
DA:44,0
DA:47,0
DA:49,0
DA:50,0
DA:56,0
DA:57,0
DA:58,0
LF:17
LH:0
BRDA:24,0,0,0
BRDA:24,0,1,0
BRDA:24,0,2,0
BRDA:57,1,0,0
BRDA:57,1,1,0
BRF:5
BRH:0
end_of_record
TN:
SF:context/ThemeContext.tsx
FN:16,ThemeProvider
FN:19,(anonymous_1)
FN:26,(anonymous_2)
FN:33,(anonymous_3)
FN:34,(anonymous_4)
FN:36,(anonymous_5)
FN:43,useTheme
FNF:7
FNH:0
FNDA:0,ThemeProvider
FNDA:0,(anonymous_1)
FNDA:0,(anonymous_2)
FNDA:0,(anonymous_3)
FNDA:0,(anonymous_4)
FNDA:0,(anonymous_5)
FNDA:0,useTheme
DA:12,0
DA:14,0
DA:17,0
DA:19,0
DA:20,0
DA:21,0
DA:22,0
DA:26,0
DA:27,0
DA:28,0
DA:29,0
DA:33,0
DA:34,0
DA:36,0
DA:38,0
DA:44,0
DA:45,0
DA:46,0
LF:18
LH:0
BRDA:21,0,0,0
BRDA:21,0,1,0
BRDA:27,1,0,0
BRDA:27,1,1,0
BRDA:34,2,0,0
BRDA:34,2,1,0
BRDA:45,3,0,0
BRDA:45,3,1,0
BRF:8
BRH:0
end_of_record
TN:
SF:hooks/useLocalStorage.ts
FN:3,useLocalStorage
FN:5,(anonymous_1)
FN:15,(anonymous_2)
FNF:3
FNH:0
FNDA:0,useLocalStorage
FNDA:0,(anonymous_1)
FNDA:0,(anonymous_2)
DA:4,0
DA:5,0
DA:6,0
DA:7,0
DA:8,0
DA:9,0
DA:11,0
DA:15,0
DA:16,0
DA:17,0
DA:18,0
DA:20,0
DA:21,0
DA:25,0
LF:14
LH:0
BRDA:6,0,0,0
BRDA:6,0,1,0
BRDA:9,1,0,0
BRDA:9,1,1,0
BRDA:16,2,0,0
BRDA:16,2,1,0
BRF:6
BRH:0
end_of_record
TN:
SF:lib/date.ts
FN:1,(anonymous_0)
FN:3,(anonymous_1)
FNF:2
FNH:0
FNDA:0,(anonymous_0)
FNDA:0,(anonymous_1)
DA:1,0
DA:3,0
DA:8,0
DA:9,0
DA:10,0
DA:11,0
DA:12,0
DA:14,0
DA:15,0
DA:16,0
DA:18,0
LF:11
LH:0
BRDA:9,0,0,0
BRDA:9,0,1,0
BRDA:10,1,0,0
BRDA:10,1,1,0
BRDA:12,2,0,0
BRDA:12,2,1,0
BRDA:14,3,0,0
BRDA:14,3,1,0
BRDA:16,4,0,0
BRDA:16,4,1,0
BRF:10
BRH:0
end_of_record
TN:
SF:lib/storage.ts
FN:5,loadPosts
FN:15,savePosts
FNF:2
FNH:0
FNDA:0,loadPosts
FNDA:0,savePosts
DA:3,0
DA:6,0
DA:7,0
DA:8,0
DA:9,0
DA:11,0
DA:16,0
DA:17,0
LF:8
LH:0
BRDA:6,0,0,0
BRDA:6,0,1,0
BRDA:9,1,0,0
BRDA:9,1,1,0
BRDA:16,2,0,0
BRDA:16,2,1,0
BRF:6
BRH:0
end_of_record
